<?xml version="1.0" encoding="UTF-8"?>
<testsuites name="Mocha Tests" time="1.6870" tests="24" failures="0">
  <testsuite name="Root Suite" timestamp="2021-03-02T17:24:46" tests="0" file="cypress/integration/Tests.js" time="0.0000" failures="0">
  </testsuite>
  <testsuite name="Automated tests for TLV API endpoints" timestamp="2021-03-02T17:24:46" tests="24" time="1.6870" failures="0">
    <testcase name="Automated tests for TLV API endpoints Should test 200 code for all_default test values" time="0.3520" classname="Should test 200 code for all_default test values">
    </testcase>
    <testcase name="Automated tests for TLV API endpoints Should test response header for all_default" time="0.1280" classname="Should test response header for all_default">
    </testcase>
    <testcase name="Automated tests for TLV API endpoints Should write data to JSON" time="0.0140" classname="Should write data to JSON">
    </testcase>
    <testcase name="Automated tests for TLV API endpoints Should test 200 code for default_w_location test values" time="0.0810" classname="Should test 200 code for default_w_location test values">
    </testcase>
    <testcase name="Automated tests for TLV API endpoints Should test response header for default_w_location" time="0.0830" classname="Should test response header for default_w_location">
    </testcase>
    <testcase name="Automated tests for TLV API endpoints Should write data to JSON" time="0.0110" classname="Should write data to JSON">
    </testcase>
    <testcase name="Automated tests for TLV API endpoints Should test 200 code for good_dates test values" time="0.0740" classname="Should test 200 code for good_dates test values">
    </testcase>
    <testcase name="Automated tests for TLV API endpoints Should test response header for good_dates" time="0.0750" classname="Should test response header for good_dates">
    </testcase>
    <testcase name="Automated tests for TLV API endpoints Should write data to JSON" time="0.0070" classname="Should write data to JSON">
    </testcase>
    <testcase name="Automated tests for TLV API endpoints Should test 200 code for end&lt;start test values" time="0.0850" classname="Should test 200 code for end&lt;start test values">
    </testcase>
    <testcase name="Automated tests for TLV API endpoints Should test response header for end&lt;start" time="0.0770" classname="Should test response header for end&lt;start">
    </testcase>
    <testcase name="Automated tests for TLV API endpoints Should write data to JSON" time="0.0120" classname="Should write data to JSON">
    </testcase>
    <testcase name="Automated tests for TLV API endpoints Should test 200 code for invalid_start test values" time="0.0710" classname="Should test 200 code for invalid_start test values">
    </testcase>
    <testcase name="Automated tests for TLV API endpoints Should test response header for invalid_start" time="0.0790" classname="Should test response header for invalid_start">
    </testcase>
    <testcase name="Automated tests for TLV API endpoints Should write data to JSON" time="0.0160" classname="Should write data to JSON">
    </testcase>
    <testcase name="Automated tests for TLV API endpoints Should test 200 code for invalid_end test values" time="0.0810" classname="Should test 200 code for invalid_end test values">
    </testcase>
    <testcase name="Automated tests for TLV API endpoints Should test response header for invalid_end" time="0.0800" classname="Should test response header for invalid_end">
    </testcase>
    <testcase name="Automated tests for TLV API endpoints Should write data to JSON" time="0.0150" classname="Should write data to JSON">
    </testcase>
    <testcase name="Automated tests for TLV API endpoints Should test 200 code for invalid_maxCloudCoverage test values" time="0.0830" classname="Should test 200 code for invalid_maxCloudCoverage test values">
    </testcase>
    <testcase name="Automated tests for TLV API endpoints Should test response header for invalid_maxCloudCoverage" time="0.0770" classname="Should test response header for invalid_maxCloudCoverage">
    </testcase>
    <testcase name="Automated tests for TLV API endpoints Should write data to JSON" time="0.0130" classname="Should write data to JSON">
    </testcase>
    <testcase name="Automated tests for TLV API endpoints Should test 200 code for invalid_maxResults test values" time="0.0770" classname="Should test 200 code for invalid_maxResults test values">
    </testcase>
    <testcase name="Automated tests for TLV API endpoints Should test response header for invalid_maxResults" time="0.0830" classname="Should test response header for invalid_maxResults">
    </testcase>
    <testcase name="Automated tests for TLV API endpoints Should write data to JSON" time="0.0130" classname="Should write data to JSON">
    </testcase>
  </testsuite>
</testsuites>